Start training process..
Loading data... done! (34.1855 s)
Formatting responses... done!
Training samples composition: 
 - a * 1778
 - b * 1044
 - c * 2110
 - d * 1592
 - e * 1091

Training the classifier (7615 samples) - layer pattern: [32400:4:4:4:26] (may take a few minutes)...
Training done! (286.561 s)
Exporting model to ./generated_models/model_thomas_4_4_4_HOG.xml
Model successfully exported
Start training process..
Loading data... done! (32.7558 s)
Formatting responses... done!
Training samples composition: 
 - a * 1778
 - b * 1044
 - c * 2110
 - d * 1592
 - e * 1091

Training the classifier (7615 samples) - layer pattern: [32400:4:4:4:4:26] (may take a few minutes)...
Training done! (288.221 s)
Exporting model to ./generated_models/model_thomas_4_4_4_4_HOG.xml
Model successfully exported
Start training process..
Loading data... done! (32.7235 s)
Formatting responses... done!
Training samples composition: 
 - a * 1778
 - b * 1044
 - c * 2110
 - d * 1592
 - e * 1091

Training the classifier (7615 samples) - layer pattern: [32400:8:8:26] (may take a few minutes)...
Training done! (506.83 s)
Exporting model to ./generated_models/model_thomas_8_8_HOG.xml
Model successfully exported
Start training process..
Loading data... done! (32.8216 s)
Formatting responses... done!
Training samples composition: 
 - a * 1778
 - b * 1044
 - c * 2110
 - d * 1592
 - e * 1091

Training the classifier (7615 samples) - layer pattern: [32400:8:8:8:26] (may take a few minutes)...
Training done! (506.959 s)
Exporting model to ./generated_models/model_thomas_8_8_8_HOG.xml
Model successfully exported
Start training process..
Loading data... done! (32.7679 s)
Formatting responses... done!
Training samples composition: 
 - a * 1778
 - b * 1044
 - c * 2110
 - d * 1592
 - e * 1091

Training the classifier (7615 samples) - layer pattern: [32400:16:16:26] (may take a few minutes)...
Training done! (1062.31 s)
Exporting model to ./generated_models/model_thomas_16_16_HOG.xml
Model successfully exported
Start training process..
Loading data... done! (32.8161 s)
Formatting responses... done!
Training samples composition: 
 - a * 1778
 - b * 1044
 - c * 2110
 - d * 1592
 - e * 1091

Training the classifier (7615 samples) - layer pattern: [32400:8:16:32:26] (may take a few minutes)...
Training done! (517.658 s)
Exporting model to ./generated_models/model_thomas_8_16_32_HOG.xml
Model successfully exported
Start training process..
Loading data... done! (32.7505 s)
Formatting responses... done!
Training samples composition: 
 - a * 1778
 - b * 1044
 - c * 2110
 - d * 1592
 - e * 1091

Training the classifier (7615 samples) - layer pattern: [32400:32:16:8:26] (may take a few minutes)...
Training done! (2254.16 s)
Exporting model to ./generated_models/model_thomas_32_16_8_HOG.xml
Model successfully exported
Start training process..
Loading data... done! (33.0107 s)
Formatting responses... done!
Training samples composition: 
 - a * 1778
 - b * 1044
 - c * 2110
 - d * 1592
 - e * 1091

Training the classifier (7615 samples) - layer pattern: [32400:32:26] (may take a few minutes)...
Training done! (2264.75 s)
Exporting model to ./generated_models/model_thomas_32_HOG.xml
Model successfully exported
Start training process..
Loading data... done! (32.7325 s)
Formatting responses... done!
Training samples composition: 
 - a * 1778
 - b * 1044
 - c * 2110
 - d * 1592
 - e * 1091

Training the classifier (7615 samples) - layer pattern: [32400:32:32:26] (may take a few minutes)...
Training done! (2255.13 s)
Exporting model to ./generated_models/model_thomas_32_32_HOG.xml
Model successfully exported
Start training process..
Loading data... done! (32.7104 s)
Formatting responses... done!
Training samples composition: 
 - a * 1778
 - b * 1044
 - c * 2110
 - d * 1592
 - e * 1091

Training the classifier (7615 samples) - layer pattern: [32400:32:32:32:26] (may take a few minutes)...
Training done! (2257.49 s)
Exporting model to ./generated_models/model_thomas_32_32_32_HOG.xml
Model successfully exported
Start training process..
Loading data... done! (32.6833 s)
Formatting responses... done!
Training samples composition: 
 - a * 1778
 - b * 1044
 - c * 2110
 - d * 1592
 - e * 1091

Training the classifier (7615 samples) - layer pattern: [32400:64:64:26] (may take a few minutes)...
Training done! (4662.65 s)
Exporting model to ./generated_models/model_thomas_64_64_HOG.xml
Model successfully exported
