Start training process..
Loading data... done! (0.0115226 s)
Formatting responses... done!
Training samples composition: 
 - a * 88
 - b * 82
 - c * 80
 - d * 9
 - e * 19
 - f * 11
 - g * 5
 - h * 15
 - i * 80
 - j * 9
 - k * 14
 - l * 54
 - m * 55
 - n * 7
 - o * 61
 - p * 2
 - q * 7
 - r * 24
 - s * 8
 - t * 5
 - u * 2
 - v * 14
 - w * 73
 - x * 2
 - y * 11
 - z * 2

Training the classifier (739 samples) - layer pattern: [256:4:4:4:26] (may take a few minutes)...
Training done! (0.609789 s)
Exporting model to ./generated_models/model_others_but_thomas_4_4_4_yml.xml
Model successfully exported
Start training process..
Loading data... done! (0.0116204 s)
Formatting responses... done!
Training samples composition: 
 - a * 88
 - b * 82
 - c * 80
 - d * 9
 - e * 19
 - f * 11
 - g * 5
 - h * 15
 - i * 80
 - j * 9
 - k * 14
 - l * 54
 - m * 55
 - n * 7
 - o * 61
 - p * 2
 - q * 7
 - r * 24
 - s * 8
 - t * 5
 - u * 2
 - v * 14
 - w * 73
 - x * 2
 - y * 11
 - z * 2

Training the classifier (739 samples) - layer pattern: [256:4:4:4:4:26] (may take a few minutes)...
Training done! (0.694449 s)
Exporting model to ./generated_models/model_others_but_thomas_4_4_4_4_yml.xml
Model successfully exported
Start training process..
Loading data... done! (0.0117091 s)
Formatting responses... done!
Training samples composition: 
 - a * 88
 - b * 82
 - c * 80
 - d * 9
 - e * 19
 - f * 11
 - g * 5
 - h * 15
 - i * 80
 - j * 9
 - k * 14
 - l * 54
 - m * 55
 - n * 7
 - o * 61
 - p * 2
 - q * 7
 - r * 24
 - s * 8
 - t * 5
 - u * 2
 - v * 14
 - w * 73
 - x * 2
 - y * 11
 - z * 2

Training the classifier (739 samples) - layer pattern: [256:8:8:26] (may take a few minutes)...
Training done! (0.753959 s)
Exporting model to ./generated_models/model_others_but_thomas_8_8_yml.xml
Model successfully exported
Start training process..
Loading data... done! (0.0117877 s)
Formatting responses... done!
Training samples composition: 
 - a * 88
 - b * 82
 - c * 80
 - d * 9
 - e * 19
 - f * 11
 - g * 5
 - h * 15
 - i * 80
 - j * 9
 - k * 14
 - l * 54
 - m * 55
 - n * 7
 - o * 61
 - p * 2
 - q * 7
 - r * 24
 - s * 8
 - t * 5
 - u * 2
 - v * 14
 - w * 73
 - x * 2
 - y * 11
 - z * 2

Training the classifier (739 samples) - layer pattern: [256:8:8:8:26] (may take a few minutes)...
Training done! (0.852312 s)
Exporting model to ./generated_models/model_others_but_thomas_8_8_8_yml.xml
Model successfully exported
Start training process..
Loading data... done! (0.0116063 s)
Formatting responses... done!
Training samples composition: 
 - a * 88
 - b * 82
 - c * 80
 - d * 9
 - e * 19
 - f * 11
 - g * 5
 - h * 15
 - i * 80
 - j * 9
 - k * 14
 - l * 54
 - m * 55
 - n * 7
 - o * 61
 - p * 2
 - q * 7
 - r * 24
 - s * 8
 - t * 5
 - u * 2
 - v * 14
 - w * 73
 - x * 2
 - y * 11
 - z * 2

Training the classifier (739 samples) - layer pattern: [256:16:16:26] (may take a few minutes)...
Training done! (1.24631 s)
Exporting model to ./generated_models/model_others_but_thomas_16_16_yml.xml
Model successfully exported
Start training process..
Loading data... done! (0.0115591 s)
Formatting responses... done!
Training samples composition: 
 - a * 88
 - b * 82
 - c * 80
 - d * 9
 - e * 19
 - f * 11
 - g * 5
 - h * 15
 - i * 80
 - j * 9
 - k * 14
 - l * 54
 - m * 55
 - n * 7
 - o * 61
 - p * 2
 - q * 7
 - r * 24
 - s * 8
 - t * 5
 - u * 2
 - v * 14
 - w * 73
 - x * 2
 - y * 11
 - z * 2

Training the classifier (739 samples) - layer pattern: [256:8:16:32:26] (may take a few minutes)...
Training done! (1.21682 s)
Exporting model to ./generated_models/model_others_but_thomas_8_16_32_yml.xml
Model successfully exported
Start training process..
Loading data... done! (0.0116362 s)
Formatting responses... done!
Training samples composition: 
 - a * 88
 - b * 82
 - c * 80
 - d * 9
 - e * 19
 - f * 11
 - g * 5
 - h * 15
 - i * 80
 - j * 9
 - k * 14
 - l * 54
 - m * 55
 - n * 7
 - o * 61
 - p * 2
 - q * 7
 - r * 24
 - s * 8
 - t * 5
 - u * 2
 - v * 14
 - w * 73
 - x * 2
 - y * 11
 - z * 2

Training the classifier (739 samples) - layer pattern: [256:32:16:8:26] (may take a few minutes)...
Training done! (2.10977 s)
Exporting model to ./generated_models/model_others_but_thomas_32_16_8_yml.xml
Model successfully exported
Start training process..
Loading data... done! (0.0118539 s)
Formatting responses... done!
Training samples composition: 
 - a * 88
 - b * 82
 - c * 80
 - d * 9
 - e * 19
 - f * 11
 - g * 5
 - h * 15
 - i * 80
 - j * 9
 - k * 14
 - l * 54
 - m * 55
 - n * 7
 - o * 61
 - p * 2
 - q * 7
 - r * 24
 - s * 8
 - t * 5
 - u * 2
 - v * 14
 - w * 73
 - x * 2
 - y * 11
 - z * 2

Training the classifier (739 samples) - layer pattern: [256:32:26] (may take a few minutes)...
Training done! (1.94398 s)
Exporting model to ./generated_models/model_others_but_thomas_32_yml.xml
Model successfully exported
Start training process..
Loading data... done! (0.0115994 s)
Formatting responses... done!
Training samples composition: 
 - a * 88
 - b * 82
 - c * 80
 - d * 9
 - e * 19
 - f * 11
 - g * 5
 - h * 15
 - i * 80
 - j * 9
 - k * 14
 - l * 54
 - m * 55
 - n * 7
 - o * 61
 - p * 2
 - q * 7
 - r * 24
 - s * 8
 - t * 5
 - u * 2
 - v * 14
 - w * 73
 - x * 2
 - y * 11
 - z * 2

Training the classifier (739 samples) - layer pattern: [256:32:32:26] (may take a few minutes)...
Training done! (2.347 s)
Exporting model to ./generated_models/model_others_but_thomas_32_32_yml.xml
Model successfully exported
Start training process..
Loading data... done! (0.011654 s)
Formatting responses... done!
Training samples composition: 
 - a * 88
 - b * 82
 - c * 80
 - d * 9
 - e * 19
 - f * 11
 - g * 5
 - h * 15
 - i * 80
 - j * 9
 - k * 14
 - l * 54
 - m * 55
 - n * 7
 - o * 61
 - p * 2
 - q * 7
 - r * 24
 - s * 8
 - t * 5
 - u * 2
 - v * 14
 - w * 73
 - x * 2
 - y * 11
 - z * 2

Training the classifier (739 samples) - layer pattern: [256:32:32:32:26] (may take a few minutes)...
Training done! (2.76691 s)
Exporting model to ./generated_models/model_others_but_thomas_32_32_32_yml.xml
Model successfully exported
Start training process..
Loading data... done! (0.0117827 s)
Formatting responses... done!
Training samples composition: 
 - a * 88
 - b * 82
 - c * 80
 - d * 9
 - e * 19
 - f * 11
 - g * 5
 - h * 15
 - i * 80
 - j * 9
 - k * 14
 - l * 54
 - m * 55
 - n * 7
 - o * 61
 - p * 2
 - q * 7
 - r * 24
 - s * 8
 - t * 5
 - u * 2
 - v * 14
 - w * 73
 - x * 2
 - y * 11
 - z * 2

Training the classifier (739 samples) - layer pattern: [256:64:64:26] (may take a few minutes)...
Training done! (4.97502 s)
Exporting model to ./generated_models/model_others_but_thomas_64_64_yml.xml
Model successfully exported
