Start training process..
Loading data... done! (0.189122 s)
Formatting responses... done!
Training samples composition: 
 - a * 2844
 - b * 2021
 - c * 3525
 - d * 1570
 - e * 1084

Training the classifier (11044 samples) - layer pattern: [256:4:4:4:26] (may take a few minutes)...
Training done! (9.97572 s)
Exporting model to ./generated_models/model_thomas_4_4_4_yml.xml
Model successfully exported
Start training process..
Loading data... done! (0.170618 s)
Formatting responses... done!
Training samples composition: 
 - a * 2844
 - b * 2021
 - c * 3525
 - d * 1570
 - e * 1084

Training the classifier (11044 samples) - layer pattern: [256:4:4:4:4:26] (may take a few minutes)...
Training done! (10.5739 s)
Exporting model to ./generated_models/model_thomas_4_4_4_4_yml.xml
Model successfully exported
Start training process..
Loading data... done! (0.189768 s)
Formatting responses... done!
Training samples composition: 
 - a * 2844
 - b * 2021
 - c * 3525
 - d * 1570
 - e * 1084

Training the classifier (11044 samples) - layer pattern: [256:8:8:26] (may take a few minutes)...
Training done! (11.3478 s)
Exporting model to ./generated_models/model_thomas_8_8_yml.xml
Model successfully exported
Start training process..
Loading data... done! (0.166583 s)
Formatting responses... done!
Training samples composition: 
 - a * 2844
 - b * 2021
 - c * 3525
 - d * 1570
 - e * 1084

Training the classifier (11044 samples) - layer pattern: [256:8:8:8:26] (may take a few minutes)...
Training done! (13.516 s)
Exporting model to ./generated_models/model_thomas_8_8_8_yml.xml
Model successfully exported
Start training process..
Loading data... done! (0.162155 s)
Formatting responses... done!
Training samples composition: 
 - a * 2844
 - b * 2021
 - c * 3525
 - d * 1570
 - e * 1084

Training the classifier (11044 samples) - layer pattern: [256:16:16:26] (may take a few minutes)...
Training done! (18.8215 s)
Exporting model to ./generated_models/model_thomas_16_16_yml.xml
Model successfully exported
Start training process..
Loading data... done! (0.167521 s)
Formatting responses... done!
Training samples composition: 
 - a * 2844
 - b * 2021
 - c * 3525
 - d * 1570
 - e * 1084

Training the classifier (11044 samples) - layer pattern: [256:8:16:32:26] (may take a few minutes)...
Training done! (18.1846 s)
Exporting model to ./generated_models/model_thomas_8_16_32_yml.xml
Model successfully exported
Start training process..
Loading data... done! (0.16656 s)
Formatting responses... done!
Training samples composition: 
 - a * 2844
 - b * 2021
 - c * 3525
 - d * 1570
 - e * 1084

Training the classifier (11044 samples) - layer pattern: [256:32:16:8:26] (may take a few minutes)...
Training done! (31.8149 s)
Exporting model to ./generated_models/model_thomas_32_16_8_yml.xml
Model successfully exported
Start training process..
Loading data... done! (0.165439 s)
Formatting responses... done!
Training samples composition: 
 - a * 2844
 - b * 2021
 - c * 3525
 - d * 1570
 - e * 1084

Training the classifier (11044 samples) - layer pattern: [256:32:26] (may take a few minutes)...
Training done! (29.5381 s)
Exporting model to ./generated_models/model_thomas_32_yml.xml
Model successfully exported
Start training process..
Loading data... done! (0.162958 s)
Formatting responses... done!
Training samples composition: 
 - a * 2844
 - b * 2021
 - c * 3525
 - d * 1570
 - e * 1084

Training the classifier (11044 samples) - layer pattern: [256:32:32:26] (may take a few minutes)...
Training done! (35.5753 s)
Exporting model to ./generated_models/model_thomas_32_32_yml.xml
Model successfully exported
Start training process..
Loading data... done! (0.1628 s)
Formatting responses... done!
Training samples composition: 
 - a * 2844
 - b * 2021
 - c * 3525
 - d * 1570
 - e * 1084

Training the classifier (11044 samples) - layer pattern: [256:32:32:32:26] (may take a few minutes)...
Training done! (41.6498 s)
Exporting model to ./generated_models/model_thomas_32_32_32_yml.xml
Model successfully exported
Start training process..
Loading data... done! (0.166657 s)
Formatting responses... done!
Training samples composition: 
 - a * 2844
 - b * 2021
 - c * 3525
 - d * 1570
 - e * 1084

Training the classifier (11044 samples) - layer pattern: [256:64:64:26] (may take a few minutes)...
Training done! (74.1104 s)
Exporting model to ./generated_models/model_thomas_64_64_yml.xml
Model successfully exported
