Start training process..
Loading data... done! (0.0641452 s)
Formatting responses... done!
Training samples composition: 
 - a * 88
 - b * 82
 - c * 80
 - d * 9
 - e * 19
 - f * 11
 - g * 5
 - h * 15
 - i * 80
 - j * 9
 - k * 14
 - l * 54
 - m * 55
 - n * 7
 - o * 61
 - p * 2
 - q * 7
 - r * 24
 - s * 8
 - t * 5
 - u * 2
 - v * 14
 - w * 73
 - x * 2
 - y * 11
 - z * 2

Training the classifier (739 samples) - layer pattern: [256:4:4:4:26] (may take a few minutes)...
Training done! (0.609374 s)
Exporting model to ./generated_models/model_others_4_4_4_yml.xml
Model successfully exported
Start training process..
Loading data... done! (0.0116124 s)
Formatting responses... done!
Training samples composition: 
 - a * 88
 - b * 82
 - c * 80
 - d * 9
 - e * 19
 - f * 11
 - g * 5
 - h * 15
 - i * 80
 - j * 9
 - k * 14
 - l * 54
 - m * 55
 - n * 7
 - o * 61
 - p * 2
 - q * 7
 - r * 24
 - s * 8
 - t * 5
 - u * 2
 - v * 14
 - w * 73
 - x * 2
 - y * 11
 - z * 2

Training the classifier (739 samples) - layer pattern: [256:4:4:4:4:26] (may take a few minutes)...
Training done! (0.703181 s)
Exporting model to ./generated_models/model_others_4_4_4_4_yml.xml
Model successfully exported
Start training process..
Loading data... done! (0.0116074 s)
Formatting responses... done!
Training samples composition: 
 - a * 88
 - b * 82
 - c * 80
 - d * 9
 - e * 19
 - f * 11
 - g * 5
 - h * 15
 - i * 80
 - j * 9
 - k * 14
 - l * 54
 - m * 55
 - n * 7
 - o * 61
 - p * 2
 - q * 7
 - r * 24
 - s * 8
 - t * 5
 - u * 2
 - v * 14
 - w * 73
 - x * 2
 - y * 11
 - z * 2

Training the classifier (739 samples) - layer pattern: [256:8:8:26] (may take a few minutes)...
Training done! (0.753874 s)
Exporting model to ./generated_models/model_others_8_8_yml.xml
Model successfully exported
Start training process..
Loading data... done! (0.0115857 s)
Formatting responses... done!
Training samples composition: 
 - a * 88
 - b * 82
 - c * 80
 - d * 9
 - e * 19
 - f * 11
 - g * 5
 - h * 15
 - i * 80
 - j * 9
 - k * 14
 - l * 54
 - m * 55
 - n * 7
 - o * 61
 - p * 2
 - q * 7
 - r * 24
 - s * 8
 - t * 5
 - u * 2
 - v * 14
 - w * 73
 - x * 2
 - y * 11
 - z * 2

Training the classifier (739 samples) - layer pattern: [256:8:8:8:26] (may take a few minutes)...
Training done! (0.853321 s)
Exporting model to ./generated_models/model_others_8_8_8_yml.xml
Model successfully exported
Start training process..
Loading data... done! (0.0119297 s)
Formatting responses... done!
Training samples composition: 
 - a * 88
 - b * 82
 - c * 80
 - d * 9
 - e * 19
 - f * 11
 - g * 5
 - h * 15
 - i * 80
 - j * 9
 - k * 14
 - l * 54
 - m * 55
 - n * 7
 - o * 61
 - p * 2
 - q * 7
 - r * 24
 - s * 8
 - t * 5
 - u * 2
 - v * 14
 - w * 73
 - x * 2
 - y * 11
 - z * 2

Training the classifier (739 samples) - layer pattern: [256:16:16:26] (may take a few minutes)...
Training done! (1.24945 s)
Exporting model to ./generated_models/model_others_16_16_yml.xml
Model successfully exported
Start training process..
Loading data... done! (0.0116011 s)
Formatting responses... done!
Training samples composition: 
 - a * 88
 - b * 82
 - c * 80
 - d * 9
 - e * 19
 - f * 11
 - g * 5
 - h * 15
 - i * 80
 - j * 9
 - k * 14
 - l * 54
 - m * 55
 - n * 7
 - o * 61
 - p * 2
 - q * 7
 - r * 24
 - s * 8
 - t * 5
 - u * 2
 - v * 14
 - w * 73
 - x * 2
 - y * 11
 - z * 2

Training the classifier (739 samples) - layer pattern: [256:8:16:32:26] (may take a few minutes)...
Training done! (1.21826 s)
Exporting model to ./generated_models/model_others_8_16_32_yml.xml
Model successfully exported
Start training process..
Loading data... done! (0.0114995 s)
Formatting responses... done!
Training samples composition: 
 - a * 88
 - b * 82
 - c * 80
 - d * 9
 - e * 19
 - f * 11
 - g * 5
 - h * 15
 - i * 80
 - j * 9
 - k * 14
 - l * 54
 - m * 55
 - n * 7
 - o * 61
 - p * 2
 - q * 7
 - r * 24
 - s * 8
 - t * 5
 - u * 2
 - v * 14
 - w * 73
 - x * 2
 - y * 11
 - z * 2

Training the classifier (739 samples) - layer pattern: [256:32:16:8:26] (may take a few minutes)...
Training done! (2.11474 s)
Exporting model to ./generated_models/model_others_32_16_8_yml.xml
Model successfully exported
Start training process..
Loading data... done! (0.0115349 s)
Formatting responses... done!
Training samples composition: 
 - a * 88
 - b * 82
 - c * 80
 - d * 9
 - e * 19
 - f * 11
 - g * 5
 - h * 15
 - i * 80
 - j * 9
 - k * 14
 - l * 54
 - m * 55
 - n * 7
 - o * 61
 - p * 2
 - q * 7
 - r * 24
 - s * 8
 - t * 5
 - u * 2
 - v * 14
 - w * 73
 - x * 2
 - y * 11
 - z * 2

Training the classifier (739 samples) - layer pattern: [256:32:26] (may take a few minutes)...
Training done! (1.93514 s)
Exporting model to ./generated_models/model_others_32_yml.xml
Model successfully exported
Start training process..
Loading data... done! (0.0115362 s)
Formatting responses... done!
Training samples composition: 
 - a * 88
 - b * 82
 - c * 80
 - d * 9
 - e * 19
 - f * 11
 - g * 5
 - h * 15
 - i * 80
 - j * 9
 - k * 14
 - l * 54
 - m * 55
 - n * 7
 - o * 61
 - p * 2
 - q * 7
 - r * 24
 - s * 8
 - t * 5
 - u * 2
 - v * 14
 - w * 73
 - x * 2
 - y * 11
 - z * 2

Training the classifier (739 samples) - layer pattern: [256:32:32:26] (may take a few minutes)...
Training done! (2.34192 s)
Exporting model to ./generated_models/model_others_32_32_yml.xml
Model successfully exported
Start training process..
Loading data... done! (0.01158 s)
Formatting responses... done!
Training samples composition: 
 - a * 88
 - b * 82
 - c * 80
 - d * 9
 - e * 19
 - f * 11
 - g * 5
 - h * 15
 - i * 80
 - j * 9
 - k * 14
 - l * 54
 - m * 55
 - n * 7
 - o * 61
 - p * 2
 - q * 7
 - r * 24
 - s * 8
 - t * 5
 - u * 2
 - v * 14
 - w * 73
 - x * 2
 - y * 11
 - z * 2

Training the classifier (739 samples) - layer pattern: [256:32:32:32:26] (may take a few minutes)...
Training done! (2.74725 s)
Exporting model to ./generated_models/model_others_32_32_32_yml.xml
Model successfully exported
Start training process..
Loading data... done! (0.0115861 s)
Formatting responses... done!
Training samples composition: 
 - a * 88
 - b * 82
 - c * 80
 - d * 9
 - e * 19
 - f * 11
 - g * 5
 - h * 15
 - i * 80
 - j * 9
 - k * 14
 - l * 54
 - m * 55
 - n * 7
 - o * 61
 - p * 2
 - q * 7
 - r * 24
 - s * 8
 - t * 5
 - u * 2
 - v * 14
 - w * 73
 - x * 2
 - y * 11
 - z * 2

Training the classifier (739 samples) - layer pattern: [256:64:64:26] (may take a few minutes)...
Training done! (5.03016 s)
Exporting model to ./generated_models/model_others_64_64_yml.xml
Model successfully exported
