Start training process..
Loading data... done! (6.39278 s)
Formatting responses... done!
Training samples composition: 
 - a * 181
 - b * 165
 - c * 161
 - d * 36
 - e * 70
 - f * 37
 - g * 12
 - h * 43
 - i * 104
 - j * 9
 - k * 40
 - l * 71
 - m * 60
 - n * 8
 - o * 70
 - p * 43
 - q * 13
 - r * 39
 - s * 40
 - t * 22
 - u * 17
 - v * 41
 - w * 93
 - x * 18
 - y * 29
 - z * 12

Training the classifier (1434 samples) - layer pattern: [32400:4:4:4:26] (may take a few minutes)...
Training done! (54.0987 s)
Exporting model to ./generated_models/model_others_but_thomas_4_4_4.xml
Model successfully exported
Start training process..
Loading data... done! (5.96126 s)
Formatting responses... done!
Training samples composition: 
 - a * 181
 - b * 165
 - c * 161
 - d * 36
 - e * 70
 - f * 37
 - g * 12
 - h * 43
 - i * 104
 - j * 9
 - k * 40
 - l * 71
 - m * 60
 - n * 8
 - o * 70
 - p * 43
 - q * 13
 - r * 39
 - s * 40
 - t * 22
 - u * 17
 - v * 41
 - w * 93
 - x * 18
 - y * 29
 - z * 12

Training the classifier (1434 samples) - layer pattern: [32400:4:4:4:4:26] (may take a few minutes)...
Training done! (54.3041 s)
Exporting model to ./generated_models/model_others_but_thomas_4_4_4_4.xml
Model successfully exported
Start training process..
Loading data... done! (5.96932 s)
Formatting responses... done!
Training samples composition: 
 - a * 181
 - b * 165
 - c * 161
 - d * 36
 - e * 70
 - f * 37
 - g * 12
 - h * 43
 - i * 104
 - j * 9
 - k * 40
 - l * 71
 - m * 60
 - n * 8
 - o * 70
 - p * 43
 - q * 13
 - r * 39
 - s * 40
 - t * 22
 - u * 17
 - v * 41
 - w * 93
 - x * 18
 - y * 29
 - z * 12

Training the classifier (1434 samples) - layer pattern: [32400:8:8:26] (may take a few minutes)...
Training done! (96.6247 s)
Exporting model to ./generated_models/model_others_but_thomas_8_8.xml
Model successfully exported
Start training process..
Loading data... done! (5.95925 s)
Formatting responses... done!
Training samples composition: 
 - a * 181
 - b * 165
 - c * 161
 - d * 36
 - e * 70
 - f * 37
 - g * 12
 - h * 43
 - i * 104
 - j * 9
 - k * 40
 - l * 71
 - m * 60
 - n * 8
 - o * 70
 - p * 43
 - q * 13
 - r * 39
 - s * 40
 - t * 22
 - u * 17
 - v * 41
 - w * 93
 - x * 18
 - y * 29
 - z * 12

Training the classifier (1434 samples) - layer pattern: [32400:8:8:8:26] (may take a few minutes)...
Training done! (96.8048 s)
Exporting model to ./generated_models/model_others_but_thomas_8_8_8.xml
Model successfully exported
Start training process..
Loading data... done! (6.00151 s)
Formatting responses... done!
Training samples composition: 
 - a * 181
 - b * 165
 - c * 161
 - d * 36
 - e * 70
 - f * 37
 - g * 12
 - h * 43
 - i * 104
 - j * 9
 - k * 40
 - l * 71
 - m * 60
 - n * 8
 - o * 70
 - p * 43
 - q * 13
 - r * 39
 - s * 40
 - t * 22
 - u * 17
 - v * 41
 - w * 93
 - x * 18
 - y * 29
 - z * 12

Training the classifier (1434 samples) - layer pattern: [32400:16:16:26] (may take a few minutes)...
Training done! (199.962 s)
Exporting model to ./generated_models/model_others_but_thomas_16_16.xml
Model successfully exported
Start training process..
Loading data... done! (5.96591 s)
Formatting responses... done!
Training samples composition: 
 - a * 181
 - b * 165
 - c * 161
 - d * 36
 - e * 70
 - f * 37
 - g * 12
 - h * 43
 - i * 104
 - j * 9
 - k * 40
 - l * 71
 - m * 60
 - n * 8
 - o * 70
 - p * 43
 - q * 13
 - r * 39
 - s * 40
 - t * 22
 - u * 17
 - v * 41
 - w * 93
 - x * 18
 - y * 29
 - z * 12

Training the classifier (1434 samples) - layer pattern: [32400:8:16:32:26] (may take a few minutes)...
Training done! (99.5854 s)
Exporting model to ./generated_models/model_others_but_thomas_8_16_32.xml
Model successfully exported
Start training process..
Loading data... done! (5.96173 s)
Formatting responses... done!
Training samples composition: 
 - a * 181
 - b * 165
 - c * 161
 - d * 36
 - e * 70
 - f * 37
 - g * 12
 - h * 43
 - i * 104
 - j * 9
 - k * 40
 - l * 71
 - m * 60
 - n * 8
 - o * 70
 - p * 43
 - q * 13
 - r * 39
 - s * 40
 - t * 22
 - u * 17
 - v * 41
 - w * 93
 - x * 18
 - y * 29
 - z * 12

Training the classifier (1434 samples) - layer pattern: [32400:32:16:8:26] (may take a few minutes)...
Training done! (420.618 s)
Exporting model to ./generated_models/model_others_but_thomas_32_16_8.xml
Model successfully exported
Start training process..
Loading data... done! (5.95999 s)
Formatting responses... done!
Training samples composition: 
 - a * 181
 - b * 165
 - c * 161
 - d * 36
 - e * 70
 - f * 37
 - g * 12
 - h * 43
 - i * 104
 - j * 9
 - k * 40
 - l * 71
 - m * 60
 - n * 8
 - o * 70
 - p * 43
 - q * 13
 - r * 39
 - s * 40
 - t * 22
 - u * 17
 - v * 41
 - w * 93
 - x * 18
 - y * 29
 - z * 12

Training the classifier (1434 samples) - layer pattern: [32400:32:26] (may take a few minutes)...
Training done! (421.2 s)
Exporting model to ./generated_models/model_others_but_thomas_32.xml
Model successfully exported
Start training process..
Loading data... done! (6.06424 s)
Formatting responses... done!
Training samples composition: 
 - a * 181
 - b * 165
 - c * 161
 - d * 36
 - e * 70
 - f * 37
 - g * 12
 - h * 43
 - i * 104
 - j * 9
 - k * 40
 - l * 71
 - m * 60
 - n * 8
 - o * 70
 - p * 43
 - q * 13
 - r * 39
 - s * 40
 - t * 22
 - u * 17
 - v * 41
 - w * 93
 - x * 18
 - y * 29
 - z * 12

Training the classifier (1434 samples) - layer pattern: [32400:32:32:26] (may take a few minutes)...
Training done! (424.966 s)
Exporting model to ./generated_models/model_others_but_thomas_32_32.xml
Model successfully exported
Start training process..
Loading data... done! (5.95757 s)
Formatting responses... done!
Training samples composition: 
 - a * 181
 - b * 165
 - c * 161
 - d * 36
 - e * 70
 - f * 37
 - g * 12
 - h * 43
 - i * 104
 - j * 9
 - k * 40
 - l * 71
 - m * 60
 - n * 8
 - o * 70
 - p * 43
 - q * 13
 - r * 39
 - s * 40
 - t * 22
 - u * 17
 - v * 41
 - w * 93
 - x * 18
 - y * 29
 - z * 12

Training the classifier (1434 samples) - layer pattern: [32400:32:32:32:26] (may take a few minutes)...
Training done! (423.37 s)
Exporting model to ./generated_models/model_others_but_thomas_32_32_32.xml
Model successfully exported
Start training process..
Loading data... done! (6.08849 s)
Formatting responses... done!
Training samples composition: 
 - a * 181
 - b * 165
 - c * 161
 - d * 36
 - e * 70
 - f * 37
 - g * 12
 - h * 43
 - i * 104
 - j * 9
 - k * 40
 - l * 71
 - m * 60
 - n * 8
 - o * 70
 - p * 43
 - q * 13
 - r * 39
 - s * 40
 - t * 22
 - u * 17
 - v * 41
 - w * 93
 - x * 18
 - y * 29
 - z * 12

Training the classifier (1434 samples) - layer pattern: [32400:64:64:26] (may take a few minutes)...
Training done! (880.445 s)
Exporting model to ./generated_models/model_others_but_thomas_64_64.xml
Model successfully exported
