Start training process..
Loading data... done! (0.233071 s)
Formatting responses... done!
Training samples composition: 
 - a * 2844
 - b * 2021
 - c * 3525
 - d * 1570
 - e * 1084
 - f * 349
 - g * 278
 - h * 148
 - i * 445
 - k * 248
 - l * 398
 - m * 150
 - n * 143
 - o * 398
 - p * 149
 - q * 196
 - r * 348

Training the classifier (14294 samples) - layer pattern: [256:4:4:4:26] (may take a few minutes)...
Training done! (12.0502 s)
Exporting model to ./generated_models/model_thomas_4_4_4_yml.xml
Model successfully exported
Start training process..
Loading data... done! (0.230893 s)
Formatting responses... done!
Training samples composition: 
 - a * 2844
 - b * 2021
 - c * 3525
 - d * 1570
 - e * 1084
 - f * 349
 - g * 278
 - h * 148
 - i * 445
 - k * 248
 - l * 398
 - m * 150
 - n * 143
 - o * 398
 - p * 149
 - q * 196
 - r * 348

Training the classifier (14294 samples) - layer pattern: [256:4:4:4:4:26] (may take a few minutes)...
Training done! (13.513 s)
Exporting model to ./generated_models/model_thomas_4_4_4_4_yml.xml
Model successfully exported
Start training process..
Loading data... done! (0.250092 s)
Formatting responses... done!
Training samples composition: 
 - a * 2844
 - b * 2021
 - c * 3525
 - d * 1570
 - e * 1084
 - f * 349
 - g * 278
 - h * 148
 - i * 445
 - k * 248
 - l * 398
 - m * 150
 - n * 143
 - o * 398
 - p * 149
 - q * 196
 - r * 348

Training the classifier (14294 samples) - layer pattern: [256:8:8:26] (may take a few minutes)...
Training done! (14.4843 s)
Exporting model to ./generated_models/model_thomas_8_8_yml.xml
Model successfully exported
Start training process..
Loading data... done! (0.21758 s)
Formatting responses... done!
Training samples composition: 
 - a * 2844
 - b * 2021
 - c * 3525
 - d * 1570
 - e * 1084
 - f * 349
 - g * 278
 - h * 148
 - i * 445
 - k * 248
 - l * 398
 - m * 150
 - n * 143
 - o * 398
 - p * 149
 - q * 196
 - r * 348

Training the classifier (14294 samples) - layer pattern: [256:8:8:8:26] (may take a few minutes)...
Training done! (16.3082 s)
Exporting model to ./generated_models/model_thomas_8_8_8_yml.xml
Model successfully exported
Start training process..
Loading data... done! (0.223646 s)
Formatting responses... done!
Training samples composition: 
 - a * 2844
 - b * 2021
 - c * 3525
 - d * 1570
 - e * 1084
 - f * 349
 - g * 278
 - h * 148
 - i * 445
 - k * 248
 - l * 398
 - m * 150
 - n * 143
 - o * 398
 - p * 149
 - q * 196
 - r * 348

Training the classifier (14294 samples) - layer pattern: [256:16:16:26] (may take a few minutes)...
Training done! (23.923 s)
Exporting model to ./generated_models/model_thomas_16_16_yml.xml
Model successfully exported
Start training process..
Loading data... done! (0.233935 s)
Formatting responses... done!
Training samples composition: 
 - a * 2844
 - b * 2021
 - c * 3525
 - d * 1570
 - e * 1084
 - f * 349
 - g * 278
 - h * 148
 - i * 445
 - k * 248
 - l * 398
 - m * 150
 - n * 143
 - o * 398
 - p * 149
 - q * 196
 - r * 348

Training the classifier (14294 samples) - layer pattern: [256:8:16:32:26] (may take a few minutes)...
Training done! (23.7466 s)
Exporting model to ./generated_models/model_thomas_8_16_32_yml.xml
Model successfully exported
Start training process..
Loading data... done! (0.243734 s)
Formatting responses... done!
Training samples composition: 
 - a * 2844
 - b * 2021
 - c * 3525
 - d * 1570
 - e * 1084
 - f * 349
 - g * 278
 - h * 148
 - i * 445
 - k * 248
 - l * 398
 - m * 150
 - n * 143
 - o * 398
 - p * 149
 - q * 196
 - r * 348

Training the classifier (14294 samples) - layer pattern: [256:32:16:8:26] (may take a few minutes)...
Training done! (40.4243 s)
Exporting model to ./generated_models/model_thomas_32_16_8_yml.xml
Model successfully exported
Start training process..
Loading data... done! (0.245652 s)
Formatting responses... done!
Training samples composition: 
 - a * 2844
 - b * 2021
 - c * 3525
 - d * 1570
 - e * 1084
 - f * 349
 - g * 278
 - h * 148
 - i * 445
 - k * 248
 - l * 398
 - m * 150
 - n * 143
 - o * 398
 - p * 149
 - q * 196
 - r * 348

Training the classifier (14294 samples) - layer pattern: [256:32:26] (may take a few minutes)...
Training done! (37.36 s)
Exporting model to ./generated_models/model_thomas_32_yml.xml
Model successfully exported
Start training process..
Loading data... done! (0.267094 s)
Formatting responses... done!
Training samples composition: 
 - a * 2844
 - b * 2021
 - c * 3525
 - d * 1570
 - e * 1084
 - f * 349
 - g * 278
 - h * 148
 - i * 445
 - k * 248
 - l * 398
 - m * 150
 - n * 143
 - o * 398
 - p * 149
 - q * 196
 - r * 348

Training the classifier (14294 samples) - layer pattern: [256:32:32:26] (may take a few minutes)...
Training done! (44.9824 s)
Exporting model to ./generated_models/model_thomas_32_32_yml.xml
Model successfully exported
Start training process..
Loading data... done! (0.228731 s)
Formatting responses... done!
Training samples composition: 
 - a * 2844
 - b * 2021
 - c * 3525
 - d * 1570
 - e * 1084
 - f * 349
 - g * 278
 - h * 148
 - i * 445
 - k * 248
 - l * 398
 - m * 150
 - n * 143
 - o * 398
 - p * 149
 - q * 196
 - r * 348

Training the classifier (14294 samples) - layer pattern: [256:32:32:32:26] (may take a few minutes)...
Training done! (52.2118 s)
Exporting model to ./generated_models/model_thomas_32_32_32_yml.xml
Model successfully exported
Start training process..
Loading data... done! (0.225111 s)
Formatting responses... done!
Training samples composition: 
 - a * 2844
 - b * 2021
 - c * 3525
 - d * 1570
 - e * 1084
 - f * 349
 - g * 278
 - h * 148
 - i * 445
 - k * 248
 - l * 398
 - m * 150
 - n * 143
 - o * 398
 - p * 149
 - q * 196
 - r * 348

Training the classifier (14294 samples) - layer pattern: [256:64:64:26] (may take a few minutes)...
Training done! (95.5131 s)
Exporting model to ./generated_models/model_thomas_64_64_yml.xml
Model successfully exported
