Start training process..
Loading data... done! (0.126863 s)
Formatting responses... done!
Training samples composition: 
 - a * 199
 - b * 163
 - c * 166
 - d * 36
 - e * 75
 - f * 37
 - g * 12
 - h * 44
 - i * 109
 - j * 11
 - k * 46
 - l * 80
 - m * 63
 - n * 11
 - o * 83
 - p * 15
 - q * 11
 - r * 42
 - s * 43
 - t * 20
 - u * 23
 - v * 54
 - w * 95
 - x * 16
 - y * 41
 - z * 10

Training the classifier (1505 samples) - layer pattern: [576:4:4:4:26] (may take a few minutes)...
Training done! (1.7829 s)
Exporting model to ./generated_models/model_others_but_thomas_4_4_4_HOG_small.xml
Model successfully exported
Start training process..
Loading data... done! (0.127677 s)
Formatting responses... done!
Training samples composition: 
 - a * 199
 - b * 163
 - c * 166
 - d * 36
 - e * 75
 - f * 37
 - g * 12
 - h * 44
 - i * 109
 - j * 11
 - k * 46
 - l * 80
 - m * 63
 - n * 11
 - o * 83
 - p * 15
 - q * 11
 - r * 42
 - s * 43
 - t * 20
 - u * 23
 - v * 54
 - w * 95
 - x * 16
 - y * 41
 - z * 10

Training the classifier (1505 samples) - layer pattern: [576:4:4:4:4:26] (may take a few minutes)...
Training done! (1.95631 s)
Exporting model to ./generated_models/model_others_but_thomas_4_4_4_4_HOG_small.xml
Model successfully exported
Start training process..
Loading data... done! (0.127667 s)
Formatting responses... done!
Training samples composition: 
 - a * 199
 - b * 163
 - c * 166
 - d * 36
 - e * 75
 - f * 37
 - g * 12
 - h * 44
 - i * 109
 - j * 11
 - k * 46
 - l * 80
 - m * 63
 - n * 11
 - o * 83
 - p * 15
 - q * 11
 - r * 42
 - s * 43
 - t * 20
 - u * 23
 - v * 54
 - w * 95
 - x * 16
 - y * 41
 - z * 10

Training the classifier (1505 samples) - layer pattern: [576:8:8:26] (may take a few minutes)...
Training done! (2.53674 s)
Exporting model to ./generated_models/model_others_but_thomas_8_8_HOG_small.xml
Model successfully exported
Start training process..
Loading data... done! (0.128289 s)
Formatting responses... done!
Training samples composition: 
 - a * 199
 - b * 163
 - c * 166
 - d * 36
 - e * 75
 - f * 37
 - g * 12
 - h * 44
 - i * 109
 - j * 11
 - k * 46
 - l * 80
 - m * 63
 - n * 11
 - o * 83
 - p * 15
 - q * 11
 - r * 42
 - s * 43
 - t * 20
 - u * 23
 - v * 54
 - w * 95
 - x * 16
 - y * 41
 - z * 10

Training the classifier (1505 samples) - layer pattern: [576:8:8:8:26] (may take a few minutes)...
Training done! (2.74392 s)
Exporting model to ./generated_models/model_others_but_thomas_8_8_8_HOG_small.xml
Model successfully exported
Start training process..
Loading data... done! (0.128138 s)
Formatting responses... done!
Training samples composition: 
 - a * 199
 - b * 163
 - c * 166
 - d * 36
 - e * 75
 - f * 37
 - g * 12
 - h * 44
 - i * 109
 - j * 11
 - k * 46
 - l * 80
 - m * 63
 - n * 11
 - o * 83
 - p * 15
 - q * 11
 - r * 42
 - s * 43
 - t * 20
 - u * 23
 - v * 54
 - w * 95
 - x * 16
 - y * 41
 - z * 10

Training the classifier (1505 samples) - layer pattern: [576:16:16:26] (may take a few minutes)...
Training done! (4.43068 s)
Exporting model to ./generated_models/model_others_but_thomas_16_16_HOG_small.xml
Model successfully exported
Start training process..
Loading data... done! (0.12714 s)
Formatting responses... done!
Training samples composition: 
 - a * 199
 - b * 163
 - c * 166
 - d * 36
 - e * 75
 - f * 37
 - g * 12
 - h * 44
 - i * 109
 - j * 11
 - k * 46
 - l * 80
 - m * 63
 - n * 11
 - o * 83
 - p * 15
 - q * 11
 - r * 42
 - s * 43
 - t * 20
 - u * 23
 - v * 54
 - w * 95
 - x * 16
 - y * 41
 - z * 10

Training the classifier (1505 samples) - layer pattern: [576:8:16:32:26] (may take a few minutes)...
Training done! (3.47926 s)
Exporting model to ./generated_models/model_others_but_thomas_8_16_32_HOG_small.xml
Model successfully exported
Start training process..
Loading data... done! (0.127425 s)
Formatting responses... done!
Training samples composition: 
 - a * 199
 - b * 163
 - c * 166
 - d * 36
 - e * 75
 - f * 37
 - g * 12
 - h * 44
 - i * 109
 - j * 11
 - k * 46
 - l * 80
 - m * 63
 - n * 11
 - o * 83
 - p * 15
 - q * 11
 - r * 42
 - s * 43
 - t * 20
 - u * 23
 - v * 54
 - w * 95
 - x * 16
 - y * 41
 - z * 10

Training the classifier (1505 samples) - layer pattern: [576:32:16:8:26] (may take a few minutes)...
Training done! (8.14788 s)
Exporting model to ./generated_models/model_others_but_thomas_32_16_8_HOG_small.xml
Model successfully exported
Start training process..
Loading data... done! (0.127293 s)
Formatting responses... done!
Training samples composition: 
 - a * 199
 - b * 163
 - c * 166
 - d * 36
 - e * 75
 - f * 37
 - g * 12
 - h * 44
 - i * 109
 - j * 11
 - k * 46
 - l * 80
 - m * 63
 - n * 11
 - o * 83
 - p * 15
 - q * 11
 - r * 42
 - s * 43
 - t * 20
 - u * 23
 - v * 54
 - w * 95
 - x * 16
 - y * 41
 - z * 10

Training the classifier (1505 samples) - layer pattern: [576:32:26] (may take a few minutes)...
Training done! (7.6765 s)
Exporting model to ./generated_models/model_others_but_thomas_32_HOG_small.xml
Model successfully exported
Start training process..
Loading data... done! (0.127797 s)
Formatting responses... done!
Training samples composition: 
 - a * 199
 - b * 163
 - c * 166
 - d * 36
 - e * 75
 - f * 37
 - g * 12
 - h * 44
 - i * 109
 - j * 11
 - k * 46
 - l * 80
 - m * 63
 - n * 11
 - o * 83
 - p * 15
 - q * 11
 - r * 42
 - s * 43
 - t * 20
 - u * 23
 - v * 54
 - w * 95
 - x * 16
 - y * 41
 - z * 10

Training the classifier (1505 samples) - layer pattern: [576:32:32:26] (may take a few minutes)...
Training done! (8.50809 s)
Exporting model to ./generated_models/model_others_but_thomas_32_32_HOG_small.xml
Model successfully exported
Start training process..
Loading data... done! (0.127538 s)
Formatting responses... done!
Training samples composition: 
 - a * 199
 - b * 163
 - c * 166
 - d * 36
 - e * 75
 - f * 37
 - g * 12
 - h * 44
 - i * 109
 - j * 11
 - k * 46
 - l * 80
 - m * 63
 - n * 11
 - o * 83
 - p * 15
 - q * 11
 - r * 42
 - s * 43
 - t * 20
 - u * 23
 - v * 54
 - w * 95
 - x * 16
 - y * 41
 - z * 10

Training the classifier (1505 samples) - layer pattern: [576:32:32:32:26] (may take a few minutes)...
Training done! (9.24494 s)
Exporting model to ./generated_models/model_others_but_thomas_32_32_32_HOG_small.xml
Model successfully exported
Start training process..
Loading data... done! (0.126867 s)
Formatting responses... done!
Training samples composition: 
 - a * 199
 - b * 163
 - c * 166
 - d * 36
 - e * 75
 - f * 37
 - g * 12
 - h * 44
 - i * 109
 - j * 11
 - k * 46
 - l * 80
 - m * 63
 - n * 11
 - o * 83
 - p * 15
 - q * 11
 - r * 42
 - s * 43
 - t * 20
 - u * 23
 - v * 54
 - w * 95
 - x * 16
 - y * 41
 - z * 10

Training the classifier (1505 samples) - layer pattern: [576:64:64:26] (may take a few minutes)...
Training done! (17.7866 s)
Exporting model to ./generated_models/model_others_but_thomas_64_64_HOG_small.xml
Model successfully exported
