Start training process..
Loading data... done! (1.68804 s)
Formatting responses... done!
Training samples composition: 
 - a * 1977
 - b * 1207
 - c * 2276
 - d * 1628
 - e * 1166
 - f * 37
 - g * 12
 - h * 44
 - i * 109
 - j * 11
 - k * 46
 - l * 80
 - m * 63
 - n * 11
 - o * 83
 - p * 15
 - q * 11
 - r * 42
 - s * 43
 - t * 20
 - u * 23
 - v * 54
 - w * 95
 - x * 16
 - y * 41
 - z * 10

Training the classifier (9120 samples) - layer pattern: [576:4:4:4:26] (may take a few minutes)...
Training done! (10.6907 s)
Exporting model to ./generated_models/model_others_4_4_4_HOG_small.xml
Model successfully exported
Start training process..
Loading data... done! (0.758651 s)
Formatting responses... done!
Training samples composition: 
 - a * 1977
 - b * 1207
 - c * 2276
 - d * 1628
 - e * 1166
 - f * 37
 - g * 12
 - h * 44
 - i * 109
 - j * 11
 - k * 46
 - l * 80
 - m * 63
 - n * 11
 - o * 83
 - p * 15
 - q * 11
 - r * 42
 - s * 43
 - t * 20
 - u * 23
 - v * 54
 - w * 95
 - x * 16
 - y * 41
 - z * 10

Training the classifier (9120 samples) - layer pattern: [576:4:4:4:4:26] (may take a few minutes)...
Training done! (11.6785 s)
Exporting model to ./generated_models/model_others_4_4_4_4_HOG_small.xml
Model successfully exported
Start training process..
Loading data... done! (0.754667 s)
Formatting responses... done!
Training samples composition: 
 - a * 1977
 - b * 1207
 - c * 2276
 - d * 1628
 - e * 1166
 - f * 37
 - g * 12
 - h * 44
 - i * 109
 - j * 11
 - k * 46
 - l * 80
 - m * 63
 - n * 11
 - o * 83
 - p * 15
 - q * 11
 - r * 42
 - s * 43
 - t * 20
 - u * 23
 - v * 54
 - w * 95
 - x * 16
 - y * 41
 - z * 10

Training the classifier (9120 samples) - layer pattern: [576:8:8:26] (may take a few minutes)...
Training done! (15.1422 s)
Exporting model to ./generated_models/model_others_8_8_HOG_small.xml
Model successfully exported
Start training process..
Loading data... done! (0.755053 s)
Formatting responses... done!
Training samples composition: 
 - a * 1977
 - b * 1207
 - c * 2276
 - d * 1628
 - e * 1166
 - f * 37
 - g * 12
 - h * 44
 - i * 109
 - j * 11
 - k * 46
 - l * 80
 - m * 63
 - n * 11
 - o * 83
 - p * 15
 - q * 11
 - r * 42
 - s * 43
 - t * 20
 - u * 23
 - v * 54
 - w * 95
 - x * 16
 - y * 41
 - z * 10

Training the classifier (9120 samples) - layer pattern: [576:8:8:8:26] (may take a few minutes)...
Training done! (16.3173 s)
Exporting model to ./generated_models/model_others_8_8_8_HOG_small.xml
Model successfully exported
Start training process..
Loading data... done! (0.75318 s)
Formatting responses... done!
Training samples composition: 
 - a * 1977
 - b * 1207
 - c * 2276
 - d * 1628
 - e * 1166
 - f * 37
 - g * 12
 - h * 44
 - i * 109
 - j * 11
 - k * 46
 - l * 80
 - m * 63
 - n * 11
 - o * 83
 - p * 15
 - q * 11
 - r * 42
 - s * 43
 - t * 20
 - u * 23
 - v * 54
 - w * 95
 - x * 16
 - y * 41
 - z * 10

Training the classifier (9120 samples) - layer pattern: [576:16:16:26] (may take a few minutes)...
Training done! (26.5959 s)
Exporting model to ./generated_models/model_others_16_16_HOG_small.xml
Model successfully exported
Start training process..
Loading data... done! (0.753781 s)
Formatting responses... done!
Training samples composition: 
 - a * 1977
 - b * 1207
 - c * 2276
 - d * 1628
 - e * 1166
 - f * 37
 - g * 12
 - h * 44
 - i * 109
 - j * 11
 - k * 46
 - l * 80
 - m * 63
 - n * 11
 - o * 83
 - p * 15
 - q * 11
 - r * 42
 - s * 43
 - t * 20
 - u * 23
 - v * 54
 - w * 95
 - x * 16
 - y * 41
 - z * 10

Training the classifier (9120 samples) - layer pattern: [576:8:16:32:26] (may take a few minutes)...
Training done! (20.7926 s)
Exporting model to ./generated_models/model_others_8_16_32_HOG_small.xml
Model successfully exported
Start training process..
Loading data... done! (0.75497 s)
Formatting responses... done!
Training samples composition: 
 - a * 1977
 - b * 1207
 - c * 2276
 - d * 1628
 - e * 1166
 - f * 37
 - g * 12
 - h * 44
 - i * 109
 - j * 11
 - k * 46
 - l * 80
 - m * 63
 - n * 11
 - o * 83
 - p * 15
 - q * 11
 - r * 42
 - s * 43
 - t * 20
 - u * 23
 - v * 54
 - w * 95
 - x * 16
 - y * 41
 - z * 10

Training the classifier (9120 samples) - layer pattern: [576:32:16:8:26] (may take a few minutes)...
Training done! (48.2452 s)
Exporting model to ./generated_models/model_others_32_16_8_HOG_small.xml
Model successfully exported
Start training process..
Loading data... done! (0.758903 s)
Formatting responses... done!
Training samples composition: 
 - a * 1977
 - b * 1207
 - c * 2276
 - d * 1628
 - e * 1166
 - f * 37
 - g * 12
 - h * 44
 - i * 109
 - j * 11
 - k * 46
 - l * 80
 - m * 63
 - n * 11
 - o * 83
 - p * 15
 - q * 11
 - r * 42
 - s * 43
 - t * 20
 - u * 23
 - v * 54
 - w * 95
 - x * 16
 - y * 41
 - z * 10

Training the classifier (9120 samples) - layer pattern: [576:32:26] (may take a few minutes)...
Training done! (46.2563 s)
Exporting model to ./generated_models/model_others_32_HOG_small.xml
Model successfully exported
Start training process..
Loading data... done! (0.75343 s)
Formatting responses... done!
Training samples composition: 
 - a * 1977
 - b * 1207
 - c * 2276
 - d * 1628
 - e * 1166
 - f * 37
 - g * 12
 - h * 44
 - i * 109
 - j * 11
 - k * 46
 - l * 80
 - m * 63
 - n * 11
 - o * 83
 - p * 15
 - q * 11
 - r * 42
 - s * 43
 - t * 20
 - u * 23
 - v * 54
 - w * 95
 - x * 16
 - y * 41
 - z * 10

Training the classifier (9120 samples) - layer pattern: [576:32:32:26] (may take a few minutes)...
Training done! (51.0622 s)
Exporting model to ./generated_models/model_others_32_32_HOG_small.xml
Model successfully exported
Start training process..
Loading data... done! (0.753374 s)
Formatting responses... done!
Training samples composition: 
 - a * 1977
 - b * 1207
 - c * 2276
 - d * 1628
 - e * 1166
 - f * 37
 - g * 12
 - h * 44
 - i * 109
 - j * 11
 - k * 46
 - l * 80
 - m * 63
 - n * 11
 - o * 83
 - p * 15
 - q * 11
 - r * 42
 - s * 43
 - t * 20
 - u * 23
 - v * 54
 - w * 95
 - x * 16
 - y * 41
 - z * 10

Training the classifier (9120 samples) - layer pattern: [576:32:32:32:26] (may take a few minutes)...
Training done! (55.7493 s)
Exporting model to ./generated_models/model_others_32_32_32_HOG_small.xml
Model successfully exported
Start training process..
Loading data... done! (0.754052 s)
Formatting responses... done!
Training samples composition: 
 - a * 1977
 - b * 1207
 - c * 2276
 - d * 1628
 - e * 1166
 - f * 37
 - g * 12
 - h * 44
 - i * 109
 - j * 11
 - k * 46
 - l * 80
 - m * 63
 - n * 11
 - o * 83
 - p * 15
 - q * 11
 - r * 42
 - s * 43
 - t * 20
 - u * 23
 - v * 54
 - w * 95
 - x * 16
 - y * 41
 - z * 10

Training the classifier (9120 samples) - layer pattern: [576:64:64:26] (may take a few minutes)...
Training done! (106.506 s)
Exporting model to ./generated_models/model_others_64_64_HOG_small.xml
Model successfully exported
