Start training process..
Loading data... done! (4.67642 s)
Formatting responses... done!
Training samples composition: 
 - a * 200
 - b * 164
 - c * 168
 - d * 183
 - e * 124
 - f * 174

Training the classifier (1013 samples) - layer pattern: [32400:4:4:4:26] (may take a few minutes)...
Training done! (38.3026 s)
Exporting model to ./generated_models/model_loris_4_4_4_HOG.xml
Model successfully exported
Start training process..
Loading data... done! (4.40486 s)
Formatting responses... done!
Training samples composition: 
 - a * 200
 - b * 164
 - c * 168
 - d * 183
 - e * 124
 - f * 174

Training the classifier (1013 samples) - layer pattern: [32400:4:4:4:4:26] (may take a few minutes)...
Training done! (38.3891 s)
Exporting model to ./generated_models/model_loris_4_4_4_4_HOG.xml
Model successfully exported
Start training process..
Loading data... done! (4.37031 s)
Formatting responses... done!
Training samples composition: 
 - a * 200
 - b * 164
 - c * 168
 - d * 183
 - e * 124
 - f * 174

Training the classifier (1013 samples) - layer pattern: [32400:8:8:26] (may take a few minutes)...
Training done! (68.8932 s)
Exporting model to ./generated_models/model_loris_8_8_HOG.xml
Model successfully exported
Start training process..
Loading data... done! (4.36621 s)
Formatting responses... done!
Training samples composition: 
 - a * 200
 - b * 164
 - c * 168
 - d * 183
 - e * 124
 - f * 174

Training the classifier (1013 samples) - layer pattern: [32400:8:8:8:26] (may take a few minutes)...
Training done! (69.0646 s)
Exporting model to ./generated_models/model_loris_8_8_8_HOG.xml
Model successfully exported
Start training process..
Loading data... done! (4.35546 s)
Formatting responses... done!
Training samples composition: 
 - a * 200
 - b * 164
 - c * 168
 - d * 183
 - e * 124
 - f * 174

Training the classifier (1013 samples) - layer pattern: [32400:16:16:26] (may take a few minutes)...
Training done! (146.869 s)
Exporting model to ./generated_models/model_loris_16_16_HOG.xml
Model successfully exported
Start training process..
Loading data... done! (4.38454 s)
Formatting responses... done!
Training samples composition: 
 - a * 200
 - b * 164
 - c * 168
 - d * 183
 - e * 124
 - f * 174

Training the classifier (1013 samples) - layer pattern: [32400:8:16:32:26] (may take a few minutes)...
Training done! (39.9899 s)
Exporting model to ./generated_models/model_loris_8_16_32_HOG.xml
Model successfully exported
Start training process..
Loading data... done! (4.36146 s)
Formatting responses... done!
Training samples composition: 
 - a * 200
 - b * 164
 - c * 168
 - d * 183
 - e * 124
 - f * 174

Training the classifier (1013 samples) - layer pattern: [32400:32:16:8:26] (may take a few minutes)...
Training done! (303.708 s)
Exporting model to ./generated_models/model_loris_32_16_8_HOG.xml
Model successfully exported
Start training process..
Loading data... done! (4.36105 s)
Formatting responses... done!
Training samples composition: 
 - a * 200
 - b * 164
 - c * 168
 - d * 183
 - e * 124
 - f * 174

Training the classifier (1013 samples) - layer pattern: [32400:32:26] (may take a few minutes)...
Training done! (299.667 s)
Exporting model to ./generated_models/model_loris_32_HOG.xml
Model successfully exported
Start training process..
Loading data... done! (4.40938 s)
Formatting responses... done!
Training samples composition: 
 - a * 200
 - b * 164
 - c * 168
 - d * 183
 - e * 124
 - f * 174

Training the classifier (1013 samples) - layer pattern: [32400:32:32:26] (may take a few minutes)...
Training done! (301.438 s)
Exporting model to ./generated_models/model_loris_32_32_HOG.xml
Model successfully exported
Start training process..
Loading data... done! (4.35576 s)
Formatting responses... done!
Training samples composition: 
 - a * 200
 - b * 164
 - c * 168
 - d * 183
 - e * 124
 - f * 174

Training the classifier (1013 samples) - layer pattern: [32400:32:32:32:26] (may take a few minutes)...
Training done! (302.283 s)
Exporting model to ./generated_models/model_loris_32_32_32_HOG.xml
Model successfully exported
Start training process..
Loading data... done! (4.36411 s)
Formatting responses... done!
Training samples composition: 
 - a * 200
 - b * 164
 - c * 168
 - d * 183
 - e * 124
 - f * 174

Training the classifier (1013 samples) - layer pattern: [32400:64:64:26] (may take a few minutes)...
Training done! (618.954 s)
Exporting model to ./generated_models/model_loris_64_64_HOG.xml
Model successfully exported
