Start training process..
Loading data... done! (6.37107 s)
Formatting responses... done!
Training samples composition: 
 - a * 199
 - b * 163
 - c * 166
 - d * 36
 - e * 75
 - f * 37
 - g * 12
 - h * 44
 - i * 109
 - j * 11
 - k * 46
 - l * 80
 - m * 63
 - n * 11
 - o * 83
 - p * 15
 - q * 11
 - r * 42
 - s * 43
 - t * 20
 - u * 23
 - v * 54
 - w * 95
 - x * 16
 - y * 41
 - z * 10

Training the classifier (1505 samples) - layer pattern: [32400:4:4:4:26] (may take a few minutes)...
Training done! (56.8911 s)
Exporting model to ./generated_models/model_others_but_thomas_4_4_4_HOG.xml
Model successfully exported
Start training process..
Loading data... done! (6.39493 s)
Formatting responses... done!
Training samples composition: 
 - a * 199
 - b * 163
 - c * 166
 - d * 36
 - e * 75
 - f * 37
 - g * 12
 - h * 44
 - i * 109
 - j * 11
 - k * 46
 - l * 80
 - m * 63
 - n * 11
 - o * 83
 - p * 15
 - q * 11
 - r * 42
 - s * 43
 - t * 20
 - u * 23
 - v * 54
 - w * 95
 - x * 16
 - y * 41
 - z * 10

Training the classifier (1505 samples) - layer pattern: [32400:4:4:4:4:26] (may take a few minutes)...
Training done! (57.3503 s)
Exporting model to ./generated_models/model_others_but_thomas_4_4_4_4_HOG.xml
Model successfully exported
Start training process..
Loading data... done! (6.41159 s)
Formatting responses... done!
Training samples composition: 
 - a * 199
 - b * 163
 - c * 166
 - d * 36
 - e * 75
 - f * 37
 - g * 12
 - h * 44
 - i * 109
 - j * 11
 - k * 46
 - l * 80
 - m * 63
 - n * 11
 - o * 83
 - p * 15
 - q * 11
 - r * 42
 - s * 43
 - t * 20
 - u * 23
 - v * 54
 - w * 95
 - x * 16
 - y * 41
 - z * 10

Training the classifier (1505 samples) - layer pattern: [32400:8:8:26] (may take a few minutes)...
Training done! (103.565 s)
Exporting model to ./generated_models/model_others_but_thomas_8_8_HOG.xml
Model successfully exported
Start training process..
Loading data... done! (6.33712 s)
Formatting responses... done!
Training samples composition: 
 - a * 199
 - b * 163
 - c * 166
 - d * 36
 - e * 75
 - f * 37
 - g * 12
 - h * 44
 - i * 109
 - j * 11
 - k * 46
 - l * 80
 - m * 63
 - n * 11
 - o * 83
 - p * 15
 - q * 11
 - r * 42
 - s * 43
 - t * 20
 - u * 23
 - v * 54
 - w * 95
 - x * 16
 - y * 41
 - z * 10

Training the classifier (1505 samples) - layer pattern: [32400:8:8:8:26] (may take a few minutes)...
Training done! (102.069 s)
Exporting model to ./generated_models/model_others_but_thomas_8_8_8_HOG.xml
Model successfully exported
Start training process..
Loading data... done! (6.35123 s)
Formatting responses... done!
Training samples composition: 
 - a * 199
 - b * 163
 - c * 166
 - d * 36
 - e * 75
 - f * 37
 - g * 12
 - h * 44
 - i * 109
 - j * 11
 - k * 46
 - l * 80
 - m * 63
 - n * 11
 - o * 83
 - p * 15
 - q * 11
 - r * 42
 - s * 43
 - t * 20
 - u * 23
 - v * 54
 - w * 95
 - x * 16
 - y * 41
 - z * 10

Training the classifier (1505 samples) - layer pattern: [32400:16:16:26] (may take a few minutes)...
Training done! (209.399 s)
Exporting model to ./generated_models/model_others_but_thomas_16_16_HOG.xml
Model successfully exported
Start training process..
Loading data... done! (6.39117 s)
Formatting responses... done!
Training samples composition: 
 - a * 199
 - b * 163
 - c * 166
 - d * 36
 - e * 75
 - f * 37
 - g * 12
 - h * 44
 - i * 109
 - j * 11
 - k * 46
 - l * 80
 - m * 63
 - n * 11
 - o * 83
 - p * 15
 - q * 11
 - r * 42
 - s * 43
 - t * 20
 - u * 23
 - v * 54
 - w * 95
 - x * 16
 - y * 41
 - z * 10

Training the classifier (1505 samples) - layer pattern: [32400:8:16:32:26] (may take a few minutes)...
Training done! (102.895 s)
Exporting model to ./generated_models/model_others_but_thomas_8_16_32_HOG.xml
Model successfully exported
Start training process..
Loading data... done! (6.34008 s)
Formatting responses... done!
Training samples composition: 
 - a * 199
 - b * 163
 - c * 166
 - d * 36
 - e * 75
 - f * 37
 - g * 12
 - h * 44
 - i * 109
 - j * 11
 - k * 46
 - l * 80
 - m * 63
 - n * 11
 - o * 83
 - p * 15
 - q * 11
 - r * 42
 - s * 43
 - t * 20
 - u * 23
 - v * 54
 - w * 95
 - x * 16
 - y * 41
 - z * 10

Training the classifier (1505 samples) - layer pattern: [32400:32:16:8:26] (may take a few minutes)...
Training done! (445.779 s)
Exporting model to ./generated_models/model_others_but_thomas_32_16_8_HOG.xml
Model successfully exported
Start training process..
Loading data... done! (6.363 s)
Formatting responses... done!
Training samples composition: 
 - a * 199
 - b * 163
 - c * 166
 - d * 36
 - e * 75
 - f * 37
 - g * 12
 - h * 44
 - i * 109
 - j * 11
 - k * 46
 - l * 80
 - m * 63
 - n * 11
 - o * 83
 - p * 15
 - q * 11
 - r * 42
 - s * 43
 - t * 20
 - u * 23
 - v * 54
 - w * 95
 - x * 16
 - y * 41
 - z * 10

Training the classifier (1505 samples) - layer pattern: [32400:32:26] (may take a few minutes)...
Training done! (448.641 s)
Exporting model to ./generated_models/model_others_but_thomas_32_HOG.xml
Model successfully exported
Start training process..
Loading data... done! (6.36082 s)
Formatting responses... done!
Training samples composition: 
 - a * 199
 - b * 163
 - c * 166
 - d * 36
 - e * 75
 - f * 37
 - g * 12
 - h * 44
 - i * 109
 - j * 11
 - k * 46
 - l * 80
 - m * 63
 - n * 11
 - o * 83
 - p * 15
 - q * 11
 - r * 42
 - s * 43
 - t * 20
 - u * 23
 - v * 54
 - w * 95
 - x * 16
 - y * 41
 - z * 10

Training the classifier (1505 samples) - layer pattern: [32400:32:32:26] (may take a few minutes)...
Training done! (447.04 s)
Exporting model to ./generated_models/model_others_but_thomas_32_32_HOG.xml
Model successfully exported
Start training process..
Loading data... done! (6.34035 s)
Formatting responses... done!
Training samples composition: 
 - a * 199
 - b * 163
 - c * 166
 - d * 36
 - e * 75
 - f * 37
 - g * 12
 - h * 44
 - i * 109
 - j * 11
 - k * 46
 - l * 80
 - m * 63
 - n * 11
 - o * 83
 - p * 15
 - q * 11
 - r * 42
 - s * 43
 - t * 20
 - u * 23
 - v * 54
 - w * 95
 - x * 16
 - y * 41
 - z * 10

Training the classifier (1505 samples) - layer pattern: [32400:32:32:32:26] (may take a few minutes)...
Training done! (443.701 s)
Exporting model to ./generated_models/model_others_but_thomas_32_32_32_HOG.xml
Model successfully exported
Start training process..
Loading data... done! (6.34388 s)
Formatting responses... done!
Training samples composition: 
 - a * 199
 - b * 163
 - c * 166
 - d * 36
 - e * 75
 - f * 37
 - g * 12
 - h * 44
 - i * 109
 - j * 11
 - k * 46
 - l * 80
 - m * 63
 - n * 11
 - o * 83
 - p * 15
 - q * 11
 - r * 42
 - s * 43
 - t * 20
 - u * 23
 - v * 54
 - w * 95
 - x * 16
 - y * 41
 - z * 10

Training the classifier (1505 samples) - layer pattern: [32400:64:64:26] (may take a few minutes)...
Training done! (929.165 s)
Exporting model to ./generated_models/model_others_but_thomas_64_64_HOG.xml
Model successfully exported
